Remove Pin=P12-1 From Net=X8-1
Remove Pin=P12-2 From Net=X8-2
Remove Pin=P12-3 From Net=X8-3
Remove Pin=P12-4 From Net=X8-4
Remove Pin=P14-1 From Net=Z8-1
Remove Pin=P14-2 From Net=Z8-2
Remove Pin=P14-3 From Net=Z8-3
Remove Pin=P14-4 From Net=Z8-4
Remove Pin=P15-1 From Net=E8-1
Remove Pin=P15-2 From Net=E8-2
Remove Pin=P15-3 From Net=E8-3
Remove Pin=P15-4 From Net=E8-4
Remove Pin=U1-1 From Net=X8-1
Remove Pin=U1-11 From Net=X-MS1
Remove Pin=U1-12 From Net=X-MS2
Remove Pin=U1-24 From Net=X8-4
Remove Pin=U1-27 From Net=X8-3
Remove Pin=U1-30 From Net=X8-2
Remove Pin=U3-1 From Net=Z8-1
Remove Pin=U3-11 From Net=Z-MS1
Remove Pin=U3-12 From Net=Z-MS2
Remove Pin=U3-24 From Net=Z8-4
Remove Pin=U3-27 From Net=Z8-3
Remove Pin=U3-30 From Net=Z8-2
Remove Pin=U4-1 From Net=E8-1
Remove Pin=U4-11 From Net=E-MS1
Remove Pin=U4-12 From Net=E-MS2
Remove Pin=U4-24 From Net=E8-4
Remove Pin=U4-27 From Net=E8-3
Remove Pin=U4-30 From Net=E8-2
