Replace Part P1 Header 8 in C:\Users\shohei\Dropbox\Altium\drivershield\3Dprinter_shield_rev2\Connector.SchDoc with Header 8 from Miscellaneous Connectors.IntLib
Replace Part P2 Header 10 in C:\Users\shohei\Dropbox\Altium\drivershield\3Dprinter_shield_rev2\Connector.SchDoc with Header 10 from Miscellaneous Connectors.IntLib
Replace Part P3 Header 8 in C:\Users\shohei\Dropbox\Altium\drivershield\3Dprinter_shield_rev2\Connector.SchDoc with Header 8 from Miscellaneous Connectors.IntLib
Replace Part P4 Header 8 in C:\Users\shohei\Dropbox\Altium\drivershield\3Dprinter_shield_rev2\Connector.SchDoc with Header 8 from Miscellaneous Connectors.IntLib
Replace Part P5 Header 6 in C:\Users\shohei\Dropbox\Altium\drivershield\3Dprinter_shield_rev2\Connector.SchDoc with Header 6 from Miscellaneous Connectors.IntLib
Replace Part P6 Header 8 in C:\Users\shohei\Dropbox\Altium\drivershield\3Dprinter_shield_rev2\Connector.SchDoc with Header 8 from Miscellaneous Connectors.IntLib
Replace Part P7 Header 6 in C:\Users\shohei\Dropbox\Altium\drivershield\3Dprinter_shield_rev2\Connector.SchDoc with Header 6 from Miscellaneous Connectors.IntLib
Replace Part P8 Header 4 in C:\Users\shohei\Dropbox\Altium\drivershield\3Dprinter_shield_rev2\Connector.SchDoc with Header 4 from Miscellaneous Connectors.IntLib
Replace Part P9 TERMINAL_BLOCK_1X2 in C:\Users\shohei\Dropbox\Altium\drivershield\3Dprinter_shield_rev2\Connector.SchDoc with TERMINAL_BLOCK_1X2 from 3dprinter_shield.SchLib
Replace Part P10 TERMINAL_BLOCK_1X2 in C:\Users\shohei\Dropbox\Altium\drivershield\3Dprinter_shield_rev2\Connector.SchDoc with TERMINAL_BLOCK_1X2 from 3dprinter_shield.SchLib
Replace Part P11 MOLEX_1X2_HEADER in C:\Users\shohei\Dropbox\Altium\drivershield\3Dprinter_shield_rev2\Connector.SchDoc with MOLEX_1X2_HEADER from 3dprinter_shield.SchLib
Replace Part P12 XH_CONNECTOR_1X4 in C:\Users\shohei\Dropbox\Altium\drivershield\3Dprinter_shield_rev2\Connector.SchDoc with XH_CONNECTOR_1X4 from 3dprinter_shield.SchLib
Replace Part P13 XH_CONNECTOR_1X4 in C:\Users\shohei\Dropbox\Altium\drivershield\3Dprinter_shield_rev2\Connector.SchDoc with XH_CONNECTOR_1X4 from 3dprinter_shield.SchLib
Replace Part P14 XH_CONNECTOR_1X4 in C:\Users\shohei\Dropbox\Altium\drivershield\3Dprinter_shield_rev2\Connector.SchDoc with XH_CONNECTOR_1X4 from 3dprinter_shield.SchLib
Replace Part P15 XH_CONNECTOR_1X4 in C:\Users\shohei\Dropbox\Altium\drivershield\3Dprinter_shield_rev2\Connector.SchDoc with XH_CONNECTOR_1X4 from 3dprinter_shield.SchLib
Replace Part P16 MOLEX_1X2_HEADER in C:\Users\shohei\Dropbox\Altium\drivershield\3Dprinter_shield_rev2\Connector.SchDoc with MOLEX_1X2_HEADER from 3dprinter_shield.SchLib
Replace Part P17 MOLEX_1X2_HEADER in C:\Users\shohei\Dropbox\Altium\drivershield\3Dprinter_shield_rev2\Connector.SchDoc with MOLEX_1X2_HEADER from 3dprinter_shield.SchLib
Replace Part P18 MOLEX_1X2_HEADER in C:\Users\shohei\Dropbox\Altium\drivershield\3Dprinter_shield_rev2\Connector.SchDoc with MOLEX_1X2_HEADER from 3dprinter_shield.SchLib
Replace Part P? Header 2 in C:\Users\shohei\Dropbox\Altium\drivershield\3Dprinter_shield_rev2\Connector.SchDoc with Header 2 from Miscellaneous Connectors.IntLib
Replace Part Q1 AOB240L in C:\Users\shohei\Dropbox\Altium\drivershield\3Dprinter_shield_rev2\Connector.SchDoc with AOB240L from 3dprinter_shield.SchLib
