Change Component Footprint: Designator=C5 Old Footprint=1608[0603] New Footprint=EEE-1HA101UP
Change Component Footprint: Designator=C11 Old Footprint=1608[0603] New Footprint=EEE-1HA101UP
Change Component Footprint: Designator=C17 Old Footprint=1608[0603] New Footprint=EEE-1HA101UP
Change Component Footprint: Designator=C23 Old Footprint=1608[0603] New Footprint=EEE-1HA101UP
Change Component Footprint: Designator=C25 Old Footprint=EEE-1HA470XP New Footprint=EEE-1HA101UP
Change Component Comment : Designator=C5 Old Comment= New Comment=Cap_alumi_electrolytic
Change Component Comment : Designator=C11 Old Comment= New Comment=Cap_alumi_electrolytic
Change Component Comment : Designator=C17 Old Comment= New Comment=Cap_alumi_electrolytic
Change Component Comment : Designator=C23 Old Comment= New Comment=Cap_alumi_electrolytic
Change component parameters: Designator = "C25"; Footprint = "EEE-1HA101UP"; UniqueID = "\IQQNEEMB"
Change component parameters. Clean all parameters for all variants
Change component parameters (AddParameter): Name = ""; Value = "100uF"; VariantName = "[No Variations]"
Change component parameters: Designator = "C5"; Footprint = "EEE-1HA101UP"; UniqueID = "\VMMNUTYE"
Change component parameters. Clean all parameters for all variants
Change component parameters (AddParameter): Name = ""; Value = "100uF"; VariantName = "[No Variations]"
Change component parameters: Designator = "C11"; Footprint = "EEE-1HA101UP"; UniqueID = "\YLTASNFG"
Change component parameters. Clean all parameters for all variants
Change component parameters (AddParameter): Name = ""; Value = "100uF"; VariantName = "[No Variations]"
Change component parameters: Designator = "C17"; Footprint = "EEE-1HA101UP"; UniqueID = "\TIMMNWQY"
Change component parameters. Clean all parameters for all variants
Change component parameters (AddParameter): Name = ""; Value = "100uF"; VariantName = "[No Variations]"
Change component parameters: Designator = "C23"; Footprint = "EEE-1HA101UP"; UniqueID = "\KNMVPBOK"
Change component parameters. Clean all parameters for all variants
Change component parameters (AddParameter): Name = ""; Value = "100uF"; VariantName = "[No Variations]"
