Change Component Comment : Designator=P11 Old Comment=MOLEX_1X2_HEADER New Comment=2204-1021
Change Component Comment : Designator=P16 Old Comment=MOLEX_1X2_HEADER New Comment=2204-1021
Change Component Comment : Designator=P17 Old Comment=MOLEX_1X2_HEADER New Comment=2204-1021
Change Component Comment : Designator=P18 Old Comment=MOLEX_1X2_HEADER New Comment=2204-1021
Change Component Comment : Designator=P9 Old Comment=TERMINAL_BLOCK_1X2 New Comment=OSTTC02-0162
Change Component Comment : Designator=P10 Old Comment=TERMINAL_BLOCK_1X2 New Comment=OSTTC02-0162
Change Component Comment : Designator=P12 Old Comment=XH_CONNECTOR_1X4 New Comment=B4B-XH-A(LF)(SN) 
Change Component Comment : Designator=P13 Old Comment=XH_CONNECTOR_1X4 New Comment=B4B-XH-A(LF)(SN) 
Change Component Comment : Designator=P14 Old Comment=XH_CONNECTOR_1X4 New Comment=B4B-XH-A(LF)(SN) 
Change Component Comment : Designator=P15 Old Comment=XH_CONNECTOR_1X4 New Comment=B4B-XH-A(LF)(SN)
Added Pin To Net: NetName=GND Pin=C1-1
Added Pin To Net: NetName=NetC1_2 Pin=C1-2
Added Pin To Net: NetName=NetC2_1 Pin=C2-1
Added Pin To Net: NetName=+12V Pin=C2-2
Added Pin To Net: NetName=NetC3_1 Pin=C3-1
Added Pin To Net: NetName=NetC3_2 Pin=C3-2
Added Pin To Net: NetName=GND Pin=C4-1
Added Pin To Net: NetName=+12V Pin=C4-2
Added Pin To Net: NetName=GND Pin=C5-1
Added Pin To Net: NetName=+12V Pin=C5-2
Added Pin To Net: NetName=GND Pin=C6-1
Added Pin To Net: NetName=NetC6_2 Pin=C6-2
Added Pin To Net: NetName=GND Pin=C7-1
Added Pin To Net: NetName=NetC7_2 Pin=C7-2
Added Pin To Net: NetName=NetC8_1 Pin=C8-1
Added Pin To Net: NetName=+12V Pin=C8-2
Added Pin To Net: NetName=NetC9_1 Pin=C9-1
Added Pin To Net: NetName=NetC9_2 Pin=C9-2
Added Pin To Net: NetName=GND Pin=C10-1
Added Pin To Net: NetName=+12V Pin=C10-2
Added Pin To Net: NetName=GND Pin=C11-1
Added Pin To Net: NetName=+12V Pin=C11-2
Added Pin To Net: NetName=GND Pin=C12-1
Added Pin To Net: NetName=NetC12_2 Pin=C12-2
Added Pin To Net: NetName=GND Pin=C19-1
Added Pin To Net: NetName=NetC19_2 Pin=C19-2
Added Pin To Net: NetName=NetC20_1 Pin=C20-1
Added Pin To Net: NetName=+12V Pin=C20-2
Added Pin To Net: NetName=NetC21_1 Pin=C21-1
Added Pin To Net: NetName=NetC21_2 Pin=C21-2
Added Pin To Net: NetName=GND Pin=C22-1
Added Pin To Net: NetName=+12V Pin=C22-2
Added Pin To Net: NetName=GND Pin=C23-1
Added Pin To Net: NetName=+12V Pin=C23-2
Added Pin To Net: NetName=GND Pin=C24-1
Added Pin To Net: NetName=NetC24_2 Pin=C24-2
Added Pin To Net: NetName=X8-1 Pin=P12-1
Added Pin To Net: NetName=X8-2 Pin=P12-2
Added Pin To Net: NetName=X8-3 Pin=P12-3
Added Pin To Net: NetName=X8-4 Pin=P12-4
Added Pin To Net: NetName=Y8-1 Pin=P13-1
Added Pin To Net: NetName=Y8-2 Pin=P13-2
Added Pin To Net: NetName=Y8-3 Pin=P13-3
Added Pin To Net: NetName=Y8-4 Pin=P13-4
Added Pin To Net: NetName=E8-1 Pin=P15-1
Added Pin To Net: NetName=E8-2 Pin=P15-2
Added Pin To Net: NetName=E8-3 Pin=P15-3
Added Pin To Net: NetName=E8-4 Pin=P15-4
Added Pin To Net: NetName=GND Pin=R1-1
Added Pin To Net: NetName=NetR1_2 Pin=R1-2
Added Pin To Net: NetName=E-EN Pin=R2-1
Added Pin To Net: NetName=+3V3 Pin=R2-2
Added Pin To Net: NetName=NetR3_1 Pin=R3-1
Added Pin To Net: NetName=GND Pin=R3-2
Added Pin To Net: NetName=NetR4_1 Pin=R4-1
Added Pin To Net: NetName=GND Pin=R4-2
Added Pin To Net: NetName=NetC6_2 Pin=R5-1
Added Pin To Net: NetName=+3V3 Pin=R5-2
Added Pin To Net: NetName=GND Pin=R6-1
Added Pin To Net: NetName=NetR6_2 Pin=R6-2
Added Pin To Net: NetName=E-EN Pin=R7-1
Added Pin To Net: NetName=+3V3 Pin=R7-2
Added Pin To Net: NetName=NetR8_1 Pin=R8-1
Added Pin To Net: NetName=GND Pin=R8-2
Added Pin To Net: NetName=NetR9_1 Pin=R9-1
Added Pin To Net: NetName=GND Pin=R9-2
Added Pin To Net: NetName=NetC12_2 Pin=R10-1
Added Pin To Net: NetName=+3V3 Pin=R10-2
Added Pin To Net: NetName=GND Pin=R16-1
Added Pin To Net: NetName=NetR16_2 Pin=R16-2
Added Pin To Net: NetName=E-EN Pin=R17-1
Added Pin To Net: NetName=+3V3 Pin=R17-2
Added Pin To Net: NetName=NetR18_1 Pin=R18-1
Added Pin To Net: NetName=GND Pin=R18-2
Added Pin To Net: NetName=NetR19_1 Pin=R19-1
Added Pin To Net: NetName=GND Pin=R19-2
Added Pin To Net: NetName=NetC24_2 Pin=R20-1
Added Pin To Net: NetName=+3V3 Pin=R20-2
Added Pin To Net: NetName=X8-1 Pin=U1-1
Added Pin To Net: NetName=+12V Pin=U1-3
Added Pin To Net: NetName=E-EN Pin=U1-5
Added Pin To Net: NetName=GND Pin=U1-6
Added Pin To Net: NetName=NetC3_2 Pin=U1-7
Added Pin To Net: NetName=NetC3_1 Pin=U1-8
Added Pin To Net: NetName=NetC2_1 Pin=U1-9
Added Pin To Net: NetName=NetC1_2 Pin=U1-10
Added Pin To Net: NetName=+3V3 Pin=U1-11
Added Pin To Net: NetName=+3V3 Pin=U1-12
Added Pin To Net: NetName=NetC6_2 Pin=U1-13
Added Pin To Net: NetName=NetR1_2 Pin=U1-14
Added Pin To Net: NetName=NetC6_2 Pin=U1-15
Added Pin To Net: NetName=NetC6_2 Pin=U1-16
Added Pin To Net: NetName=X-STEP Pin=U1-17
Added Pin To Net: NetName=+3V3 Pin=U1-18
Added Pin To Net: NetName=GND Pin=U1-19
Added Pin To Net: NetName=X-DIR Pin=U1-20
Added Pin To Net: NetName=+12V Pin=U1-22
Added Pin To Net: NetName=X8-4 Pin=U1-24
Added Pin To Net: NetName=NetR4_1 Pin=U1-25
Added Pin To Net: NetName=X8-3 Pin=U1-27
Added Pin To Net: NetName=X8-2 Pin=U1-30
Added Pin To Net: NetName=NetR3_1 Pin=U1-32
Added Pin To Net: NetName=GND Pin=U1-33
Added Pin To Net: NetName=Y8-1 Pin=U2-1
Added Pin To Net: NetName=+12V Pin=U2-3
Added Pin To Net: NetName=E-EN Pin=U2-5
Added Pin To Net: NetName=GND Pin=U2-6
Added Pin To Net: NetName=NetC9_2 Pin=U2-7
Added Pin To Net: NetName=NetC9_1 Pin=U2-8
Added Pin To Net: NetName=NetC8_1 Pin=U2-9
Added Pin To Net: NetName=NetC7_2 Pin=U2-10
Added Pin To Net: NetName=+3V3 Pin=U2-11
Added Pin To Net: NetName=+3V3 Pin=U2-12
Added Pin To Net: NetName=NetC12_2 Pin=U2-13
Added Pin To Net: NetName=NetR6_2 Pin=U2-14
Added Pin To Net: NetName=NetC12_2 Pin=U2-15
Added Pin To Net: NetName=NetC12_2 Pin=U2-16
Added Pin To Net: NetName=Y-STEP Pin=U2-17
Added Pin To Net: NetName=+3V3 Pin=U2-18
Added Pin To Net: NetName=GND Pin=U2-19
Added Pin To Net: NetName=Y-DIR Pin=U2-20
Added Pin To Net: NetName=+12V Pin=U2-22
Added Pin To Net: NetName=Y8-4 Pin=U2-24
Added Pin To Net: NetName=NetR9_1 Pin=U2-25
Added Pin To Net: NetName=Y8-3 Pin=U2-27
Added Pin To Net: NetName=Y8-2 Pin=U2-30
Added Pin To Net: NetName=NetR8_1 Pin=U2-32
Added Pin To Net: NetName=GND Pin=U2-33
Added Pin To Net: NetName=E8-1 Pin=U4-1
Added Pin To Net: NetName=+12V Pin=U4-3
Added Pin To Net: NetName=E-EN Pin=U4-5
Added Pin To Net: NetName=GND Pin=U4-6
Added Pin To Net: NetName=NetC21_2 Pin=U4-7
Added Pin To Net: NetName=NetC21_1 Pin=U4-8
Added Pin To Net: NetName=NetC20_1 Pin=U4-9
Added Pin To Net: NetName=NetC19_2 Pin=U4-10
Added Pin To Net: NetName=+3V3 Pin=U4-11
Added Pin To Net: NetName=+3V3 Pin=U4-12
Added Pin To Net: NetName=NetC24_2 Pin=U4-13
Added Pin To Net: NetName=NetR16_2 Pin=U4-14
Added Pin To Net: NetName=NetC24_2 Pin=U4-15
Added Pin To Net: NetName=NetC24_2 Pin=U4-16
Added Pin To Net: NetName=E-STEP Pin=U4-17
Added Pin To Net: NetName=+3V3 Pin=U4-18
Added Pin To Net: NetName=GND Pin=U4-19
Added Pin To Net: NetName=E-DIR Pin=U4-20
Added Pin To Net: NetName=+12V Pin=U4-22
Added Pin To Net: NetName=E8-4 Pin=U4-24
Added Pin To Net: NetName=NetR19_1 Pin=U4-25
Added Pin To Net: NetName=E8-3 Pin=U4-27
Added Pin To Net: NetName=E8-2 Pin=U4-30
Added Pin To Net: NetName=NetR18_1 Pin=U4-32
Added Pin To Net: NetName=GND Pin=U4-33
Added Member To Class: ClassName=Driver Member=Component C1 
Added Member To Class: ClassName=Driver Member=Component C2 
Added Member To Class: ClassName=Driver Member=Component C3 
Added Member To Class: ClassName=Driver Member=Component C4 
Added Member To Class: ClassName=Driver Member=Component C5 
Added Member To Class: ClassName=Driver Member=Component C6 
Added Member To Class: ClassName=Driver Member=Component C7 
Added Member To Class: ClassName=Driver Member=Component C8 
Added Member To Class: ClassName=Driver Member=Component C9 
Added Member To Class: ClassName=Driver Member=Component C10 
Added Member To Class: ClassName=Driver Member=Component C11 
Added Member To Class: ClassName=Driver Member=Component C12 
Added Member To Class: ClassName=Driver Member=Component C19 
Added Member To Class: ClassName=Driver Member=Component C20 
Added Member To Class: ClassName=Driver Member=Component C21 
Added Member To Class: ClassName=Driver Member=Component C22 
Added Member To Class: ClassName=Driver Member=Component C23 
Added Member To Class: ClassName=Driver Member=Component C24 
Added Member To Class: ClassName=Connector Member=Component P12 B4B-XH-A(LF)(SN) 
Added Member To Class: ClassName=Connector Member=Component P13 B4B-XH-A(LF)(SN) 
Added Member To Class: ClassName=Connector Member=Component P15 B4B-XH-A(LF)(SN)
Added Member To Class: ClassName=Driver Member=Component R1 
Added Member To Class: ClassName=Driver Member=Component R2 
Added Member To Class: ClassName=Driver Member=Component R3 
Added Member To Class: ClassName=Driver Member=Component R4 
Added Member To Class: ClassName=Driver Member=Component R5 
Added Member To Class: ClassName=Driver Member=Component R6 
Added Member To Class: ClassName=Driver Member=Component R7 
Added Member To Class: ClassName=Driver Member=Component R8 
Added Member To Class: ClassName=Driver Member=Component R9 
Added Member To Class: ClassName=Driver Member=Component R10 
Added Member To Class: ClassName=Driver Member=Component R16 
Added Member To Class: ClassName=Driver Member=Component R17 
Added Member To Class: ClassName=Driver Member=Component R18 
Added Member To Class: ClassName=Driver Member=Component R19 
Added Member To Class: ClassName=Driver Member=Component R20 
Added Member To Class: ClassName=Driver Member=Component U1 A4982
Added Member To Class: ClassName=Driver Member=Component U2 A4982
Added Member To Class: ClassName=Driver Member=Component U4 A4982
