Added Member To Class: ClassName=Driver Member=Component C1 Cap Semi
Added Member To Class: ClassName=Driver Member=Component C2 Cap Semi
Added Member To Class: ClassName=Driver Member=Component C3 Cap Semi
Added Member To Class: ClassName=Driver Member=Component C4 Cap Semi
Added Member To Class: ClassName=Driver Member=Component C5 Cap Semi
Added Member To Class: ClassName=Driver Member=Component C6 Cap Semi
Added Member To Class: ClassName=Driver Member=Component C7 Cap Semi
Added Member To Class: ClassName=Driver Member=Component C8 Cap Semi
Added Member To Class: ClassName=Driver Member=Component C9 Cap Semi
Added Member To Class: ClassName=Driver Member=Component C10 Cap Semi
Added Member To Class: ClassName=Driver Member=Component C11 Cap Semi
Added Member To Class: ClassName=Driver Member=Component C12 Cap Semi
Added Member To Class: ClassName=Driver Member=Component C13 Cap Semi
Added Member To Class: ClassName=Driver Member=Component C14 Cap Semi
Added Member To Class: ClassName=Driver Member=Component C15 Cap Semi
Added Member To Class: ClassName=Driver Member=Component C16 Cap Semi
Added Member To Class: ClassName=Driver Member=Component C17 Cap Semi
Added Member To Class: ClassName=Driver Member=Component C18 Cap Semi
Added Member To Class: ClassName=Driver Member=Component C19 Cap Semi
Added Member To Class: ClassName=Driver Member=Component C20 Cap Semi
Added Member To Class: ClassName=Driver Member=Component C21 Cap Semi
Added Member To Class: ClassName=Driver Member=Component C22 Cap Semi
Added Member To Class: ClassName=Driver Member=Component C23 Cap Semi
Added Member To Class: ClassName=Driver Member=Component C24 Cap Semi
Added Member To Class: ClassName=Connector Member=Component P1 Header 8
Added Member To Class: ClassName=Connector Member=Component P2 Header 10
Added Member To Class: ClassName=Connector Member=Component P3 Header 8
Added Member To Class: ClassName=Connector Member=Component P4 Header 8
Added Member To Class: ClassName=Connector Member=Component P5 Header 6
Added Member To Class: ClassName=Connector Member=Component P6 Header 8
Added Member To Class: ClassName=Connector Member=Component P7 Header 6
Added Member To Class: ClassName=Connector Member=Component P8 Header 4
Added Member To Class: ClassName=Driver Member=Component R1 Res3
Added Member To Class: ClassName=Driver Member=Component R2 Res3
Added Member To Class: ClassName=Driver Member=Component R3 Res3
Added Member To Class: ClassName=Driver Member=Component R4 Res3
Added Member To Class: ClassName=Driver Member=Component R5 Res3
Added Member To Class: ClassName=Driver Member=Component R6 Res3
Added Member To Class: ClassName=Driver Member=Component R7 Res3
Added Member To Class: ClassName=Driver Member=Component R8 Res3
Added Member To Class: ClassName=Driver Member=Component R9 Res3
Added Member To Class: ClassName=Driver Member=Component R10 Res3
Added Member To Class: ClassName=Driver Member=Component R11 Res3
Added Member To Class: ClassName=Driver Member=Component R12 Res3
Added Member To Class: ClassName=Driver Member=Component R13 Res3
Added Member To Class: ClassName=Driver Member=Component R14 Res3
Added Member To Class: ClassName=Driver Member=Component R15 Res3
Added Member To Class: ClassName=Driver Member=Component R16 Res3
Added Member To Class: ClassName=Driver Member=Component R17 Res3
Added Member To Class: ClassName=Driver Member=Component R18 Res3
Added Member To Class: ClassName=Driver Member=Component R19 Res3
Added Member To Class: ClassName=Driver Member=Component R20 Res3
Added Member To Class: ClassName=Driver Member=Component U1 A4982
Added Member To Class: ClassName=Driver Member=Component U2 A4982
Added Member To Class: ClassName=Driver Member=Component U3 A4982
Added Member To Class: ClassName=Driver Member=Component U4 A4982
Added Room: Name=Connector
Added Room: Name=Driver
