Added Pin To Net: NetName=GND Pin=C1-1
Added Pin To Net: NetName=+12V Pin=C2-2
Added Pin To Net: NetName=GND Pin=C4-1
Added Pin To Net: NetName=+12V Pin=C4-2
Added Pin To Net: NetName=GND Pin=C5-1
Added Pin To Net: NetName=+12V Pin=C5-2
Added Pin To Net: NetName=GND Pin=C6-1
Added Pin To Net: NetName=GND Pin=C13-1
Added Pin To Net: NetName=+12V Pin=C14-2
Added Pin To Net: NetName=GND Pin=C16-1
Added Pin To Net: NetName=+12V Pin=C16-2
Added Pin To Net: NetName=GND Pin=C17-1
Added Pin To Net: NetName=+12V Pin=C17-2
Added Pin To Net: NetName=GND Pin=C18-1
Added Pin To Net: NetName=GND Pin=C19-1
Added Pin To Net: NetName=+12V Pin=C20-2
Added Pin To Net: NetName=GND Pin=C22-1
Added Pin To Net: NetName=+12V Pin=C22-2
Added Pin To Net: NetName=GND Pin=C23-1
Added Pin To Net: NetName=+12V Pin=C23-2
Added Pin To Net: NetName=GND Pin=C24-1
Added Pin To Net: NetName=X8-1 Pin=P12-1
Added Pin To Net: NetName=X8-2 Pin=P12-2
Added Pin To Net: NetName=X8-3 Pin=P12-3
Added Pin To Net: NetName=X8-4 Pin=P12-4
Added Pin To Net: NetName=Z8-1 Pin=P14-1
Added Pin To Net: NetName=Z8-2 Pin=P14-2
Added Pin To Net: NetName=Z8-3 Pin=P14-3
Added Pin To Net: NetName=Z8-4 Pin=P14-4
Added Pin To Net: NetName=E8-1 Pin=P15-1
Added Pin To Net: NetName=E8-2 Pin=P15-2
Added Pin To Net: NetName=E8-3 Pin=P15-3
Added Pin To Net: NetName=E8-4 Pin=P15-4
Added Pin To Net: NetName=GND Pin=R1-1
Added Pin To Net: NetName=E-EN Pin=R2-1
Added Pin To Net: NetName=+3V3 Pin=R2-2
Added Pin To Net: NetName=GND Pin=R3-2
Added Pin To Net: NetName=GND Pin=R4-2
Added Pin To Net: NetName=+3V3 Pin=R5-2
Added Pin To Net: NetName=GND Pin=R11-1
Added Pin To Net: NetName=E-EN Pin=R12-1
Added Pin To Net: NetName=+3V3 Pin=R12-2
Added Pin To Net: NetName=GND Pin=R13-2
Added Pin To Net: NetName=GND Pin=R14-2
Added Pin To Net: NetName=+3V3 Pin=R15-2
Added Pin To Net: NetName=GND Pin=R16-1
Added Pin To Net: NetName=E-EN Pin=R17-1
Added Pin To Net: NetName=+3V3 Pin=R17-2
Added Pin To Net: NetName=GND Pin=R18-2
Added Pin To Net: NetName=GND Pin=R19-2
Added Pin To Net: NetName=+3V3 Pin=R20-2
Added Pin To Net: NetName=X8-1 Pin=U1-1
Added Pin To Net: NetName=+12V Pin=U1-3
Added Pin To Net: NetName=E-EN Pin=U1-5
Added Pin To Net: NetName=GND Pin=U1-6
Added Pin To Net: NetName=+3V3 Pin=U1-11
Added Pin To Net: NetName=+3V3 Pin=U1-12
Added Pin To Net: NetName=X-STEP Pin=U1-17
Added Pin To Net: NetName=+3V3 Pin=U1-18
Added Pin To Net: NetName=GND Pin=U1-19
Added Pin To Net: NetName=X-DIR Pin=U1-20
Added Pin To Net: NetName=+12V Pin=U1-22
Added Pin To Net: NetName=X8-4 Pin=U1-24
Added Pin To Net: NetName=X8-3 Pin=U1-27
Added Pin To Net: NetName=X8-2 Pin=U1-30
Added Pin To Net: NetName=GND Pin=U1-33
Added Pin To Net: NetName=+12V Pin=U3-3
Added Pin To Net: NetName=E-EN Pin=U3-5
Added Pin To Net: NetName=GND Pin=U3-6
Added Pin To Net: NetName=+3V3 Pin=U3-11
Added Pin To Net: NetName=+3V3 Pin=U3-12
Added Pin To Net: NetName=Z-STEP Pin=U3-17
Added Pin To Net: NetName=+3V3 Pin=U3-18
Added Pin To Net: NetName=GND Pin=U3-19
Added Pin To Net: NetName=Z-DIR Pin=U3-20
Added Pin To Net: NetName=+12V Pin=U3-22
Added Pin To Net: NetName=GND Pin=U3-33
Added Pin To Net: NetName=+12V Pin=U4-3
Added Pin To Net: NetName=E-EN Pin=U4-5
Added Pin To Net: NetName=GND Pin=U4-6
Added Pin To Net: NetName=+3V3 Pin=U4-11
Added Pin To Net: NetName=+3V3 Pin=U4-12
Added Pin To Net: NetName=E-STEP Pin=U4-17
Added Pin To Net: NetName=+3V3 Pin=U4-18
Added Pin To Net: NetName=GND Pin=U4-19
Added Pin To Net: NetName=E-DIR Pin=U4-20
Added Pin To Net: NetName=+12V Pin=U4-22
Added Pin To Net: NetName=GND Pin=U4-33
Added Pin To Net: NetName=NetC1_2 Pin=C1-2
Added Pin To Net: NetName=NetC1_2 Pin=U1-10
Added Net: Name=NetC1_2
Added Pin To Net: NetName=NetC2_1 Pin=C2-1
Added Pin To Net: NetName=NetC2_1 Pin=U1-9
Added Net: Name=NetC2_1
Added Pin To Net: NetName=NetC3_1 Pin=C3-1
Added Pin To Net: NetName=NetC3_1 Pin=U1-8
Added Net: Name=NetC3_1
Added Pin To Net: NetName=NetC3_2 Pin=C3-2
Added Pin To Net: NetName=NetC3_2 Pin=U1-7
Added Net: Name=NetC3_2
Added Pin To Net: NetName=NetC6_2 Pin=C6-2
Added Pin To Net: NetName=NetC6_2 Pin=R5-1
Added Pin To Net: NetName=NetC6_2 Pin=U1-13
Added Pin To Net: NetName=NetC6_2 Pin=U1-15
Added Pin To Net: NetName=NetC6_2 Pin=U1-16
Added Net: Name=NetC6_2
Added Pin To Net: NetName=NetC13_2 Pin=C13-2
Added Pin To Net: NetName=NetC13_2 Pin=U3-10
Added Net: Name=NetC13_2
Added Pin To Net: NetName=NetC14_1 Pin=C14-1
Added Pin To Net: NetName=NetC14_1 Pin=U3-9
Added Net: Name=NetC14_1
Added Pin To Net: NetName=NetC15_1 Pin=C15-1
Added Pin To Net: NetName=NetC15_1 Pin=U3-8
Added Net: Name=NetC15_1
Added Pin To Net: NetName=NetC15_2 Pin=C15-2
Added Pin To Net: NetName=NetC15_2 Pin=U3-7
Added Net: Name=NetC15_2
Added Pin To Net: NetName=NetC18_2 Pin=C18-2
Added Pin To Net: NetName=NetC18_2 Pin=R15-1
Added Pin To Net: NetName=NetC18_2 Pin=U3-13
Added Pin To Net: NetName=NetC18_2 Pin=U3-15
Added Pin To Net: NetName=NetC18_2 Pin=U3-16
Added Net: Name=NetC18_2
Added Pin To Net: NetName=NetC19_2 Pin=C19-2
Added Pin To Net: NetName=NetC19_2 Pin=U4-10
Added Net: Name=NetC19_2
Added Pin To Net: NetName=NetC20_1 Pin=C20-1
Added Pin To Net: NetName=NetC20_1 Pin=U4-9
Added Net: Name=NetC20_1
Added Pin To Net: NetName=NetC21_1 Pin=C21-1
Added Pin To Net: NetName=NetC21_1 Pin=U4-8
Added Net: Name=NetC21_1
Added Pin To Net: NetName=NetC21_2 Pin=C21-2
Added Pin To Net: NetName=NetC21_2 Pin=U4-7
Added Net: Name=NetC21_2
Added Pin To Net: NetName=NetC24_2 Pin=C24-2
Added Pin To Net: NetName=NetC24_2 Pin=R20-1
Added Pin To Net: NetName=NetC24_2 Pin=U4-13
Added Pin To Net: NetName=NetC24_2 Pin=U4-15
Added Pin To Net: NetName=NetC24_2 Pin=U4-16
Added Net: Name=NetC24_2
Added Pin To Net: NetName=NetR1_2 Pin=R1-2
Added Pin To Net: NetName=NetR1_2 Pin=U1-14
Added Net: Name=NetR1_2
Added Pin To Net: NetName=NetR3_1 Pin=R3-1
Added Pin To Net: NetName=NetR3_1 Pin=U1-32
Added Net: Name=NetR3_1
Added Pin To Net: NetName=NetR4_1 Pin=R4-1
Added Pin To Net: NetName=NetR4_1 Pin=U1-25
Added Net: Name=NetR4_1
Added Pin To Net: NetName=NetR11_2 Pin=R11-2
Added Pin To Net: NetName=NetR11_2 Pin=U3-14
Added Net: Name=NetR11_2
Added Pin To Net: NetName=NetR13_1 Pin=R13-1
Added Pin To Net: NetName=NetR13_1 Pin=U3-32
Added Net: Name=NetR13_1
Added Pin To Net: NetName=NetR14_1 Pin=R14-1
Added Pin To Net: NetName=NetR14_1 Pin=U3-25
Added Net: Name=NetR14_1
Added Pin To Net: NetName=NetR16_2 Pin=R16-2
Added Pin To Net: NetName=NetR16_2 Pin=U4-14
Added Net: Name=NetR16_2
Added Pin To Net: NetName=NetR18_1 Pin=R18-1
Added Pin To Net: NetName=NetR18_1 Pin=U4-32
Added Net: Name=NetR18_1
Added Pin To Net: NetName=NetR19_1 Pin=R19-1
Added Pin To Net: NetName=NetR19_1 Pin=U4-25
Added Net: Name=NetR19_1
Added Member To Class: ClassName=Driver Member=Component C1 
Added Member To Class: ClassName=Driver Member=Component C2 
Added Member To Class: ClassName=Driver Member=Component C3 
Added Member To Class: ClassName=Driver Member=Component C4 
Added Member To Class: ClassName=Driver Member=Component C5 
Added Member To Class: ClassName=Driver Member=Component C6 
Added Member To Class: ClassName=Driver Member=Component C13 
Added Member To Class: ClassName=Driver Member=Component C14 
Added Member To Class: ClassName=Driver Member=Component C15 
Added Member To Class: ClassName=Driver Member=Component C16 
Added Member To Class: ClassName=Driver Member=Component C17 
Added Member To Class: ClassName=Driver Member=Component C18 
Added Member To Class: ClassName=Driver Member=Component C19 
Added Member To Class: ClassName=Driver Member=Component C20 
Added Member To Class: ClassName=Driver Member=Component C21 
Added Member To Class: ClassName=Driver Member=Component C22 
Added Member To Class: ClassName=Driver Member=Component C23 
Added Member To Class: ClassName=Driver Member=Component C24 
Added Member To Class: ClassName=Connector Member=Component P12 XH_CONNECTOR_1X4
Added Member To Class: ClassName=Connector Member=Component P14 XH_CONNECTOR_1X4
Added Member To Class: ClassName=Connector Member=Component P15 XH_CONNECTOR_1X4
Added Member To Class: ClassName=Driver Member=Component R1 
Added Member To Class: ClassName=Driver Member=Component R2 
Added Member To Class: ClassName=Driver Member=Component R3 
Added Member To Class: ClassName=Driver Member=Component R4 
Added Member To Class: ClassName=Driver Member=Component R5 
Added Member To Class: ClassName=Driver Member=Component R10 
Added Member To Class: ClassName=Driver Member=Component R12 
Added Member To Class: ClassName=Driver Member=Component R13 
Added Member To Class: ClassName=Driver Member=Component R14 
Added Member To Class: ClassName=Driver Member=Component R15 
Added Member To Class: ClassName=Driver Member=Component R16 
Added Member To Class: ClassName=Driver Member=Component R17 
Added Member To Class: ClassName=Driver Member=Component R18 
Added Member To Class: ClassName=Driver Member=Component R19 
Added Member To Class: ClassName=Driver Member=Component R20 
Added Member To Class: ClassName=Driver Member=Component U1 A4982
Added Member To Class: ClassName=Driver Member=Component U3 A4982
Added Member To Class: ClassName=Driver Member=Component U4 A4982
Added Room: Name=Connector
Added Room: Name=Driver
